build/outputs/logs/manifest-merger-play-debug-report.txt
-- Merging decision tree log ---
manifest
ADDED from Documents/signal-android-V3.1-clean/AndroidManifest.xml:2:1-675:12
INJECTED from Documents/signal-android-V3.1-clean/AndroidManifest.xml:2:1-675:12
INJECTED from Documents/signal-android-V3.1-clean/AndroidManifest.xml:2:1-675:12
MERGED from [com.android.support:design:27.0.2] AndroidManifest.xml:17:1-22:12
MERGED from [com.android.support:preference-v14:27.0.2] AndroidManifest.xml:17:1-22:12
MERGED from [com.android.support:preference-v7:27.0.2] AndroidManifest.xml:17:1-22:12
MERGED from [com.pnikosis:materialish-progress:1.5] AndroidManifest.xml:2:1-13:12
MERGED from [pl.tajchert:waitingdots:0.1.0] AndroidManifest.xml:2:1-16:12
MERGED from [mobi.upod:time-duration-picker:1.1.3] AndroidManifest.xml:2:1-11:12
MERGED from [com.codewaves.stickyheadergrid:stickyheadergrid:0.9.4] AndroidManifest.xml:2:1-12:12
MERGED from [com.android.support:appcompat-v7:27.0.2] AndroidManifest.xml:17:1-22:12
MERGED from [com.melnykov:floatingactionbutton:1.3.0] AndroidManifest.xml:2:1-14:12
MERGED from [com.android.support:recyclerview-v7:27.0.2] AndroidManifest.xml:17:1-22:12
MERGED from [com.android.support:support-v13:27.0.2] AndroidManifest.xml:17:1-22:12
MERGED from [com.android.support:cardview-v7:27.0.2] AndroidManifest.xml:17:1-22:12
MERGED from [com.android.support:gridlayout-v7:27.0.2] AndroidManifest.xml:17:1-22:12
MERGED from [com.android.support:multidex:1.0.2] AndroidManifest.xml:17:1-22:12
MERGED from [com.android.support:exifinterface:27.0.2] AndroidManifest.xml:17:1-22:12
MERGED from [android.arch.lifecycle:extensions:1.1.1] AndroidManifest.xml:17:1-30:12
MERGED from [com.google.android.gms:play-services-gcm:9.6.1] AndroidManifest.xml:16:1-24:12
MERGED from [com.google.android.gms:play-services-places:9.6.1] AndroidManifest.xml:16:1-19:12
MERGED from [com.google.android.gms:play-services-maps:9.6.1] AndroidManifest.xml:16:1-25:12
MERGED from [com.google.android.exoplayer:exoplayer:r2.3.1] AndroidManifest.xml:17:1-25:12
MERGED from [org.whispersystems:jobmanager:1.0.2] AndroidManifest.xml:2:1-15:12
MERGED from [org.whispersystems:libpastelog:1.1.2] AndroidManifest.xml:20:1-31:12
MERGED from [org.whispersystems:signal-service-android:2.7.6] AndroidManifest.xml:2:1-13:12
MERGED from [org.whispersystems:webrtc-android:M64] AndroidManifest.xml:2:1-5:12
MERGED from [me.leolin:ShortcutBadger:1.1.16] AndroidManifest.xml:2:1-52:12
MERGED from [se.emilsjolander:stickylistheaders:2.7.0] AndroidManifest.xml:2:1-11:12
MERGED from [com.jpardogo.materialtabstrip:library:1.0.9] AndroidManifest.xml:2:1-11:12
MERGED from [com.github.chrisbanes:PhotoView:2.1.3] AndroidManifest.xml:2:1-12:12
MERGED from [com.github.bumptech.glide:glide:4.5.0] AndroidManifest.xml:2:1-13:12
MERGED from [com.makeramen:roundedimageview:2.1.0] AndroidManifest.xml:2:1-11:12
MERGED from [com.soundcloud.android:android-crop:0.9.10] AndroidManifest.xml:2:1-11:12
MERGED from [com.amulyakhare:com.amulyakhare.textdrawable:1.0.1] AndroidManifest.xml:2:1-14:12
MERGED from [com.davemorrissey.labs:subsampling-scale-image-view:3.6.0] AndroidManifest.xml:2:1-11:12
MERGED from [cn.carbswang.android:NumberPickerView:1.0.9] AndroidManifest.xml:2:1-11:12
MERGED from [com.tomergoldst.android:tooltips:1.0.6] AndroidManifest.xml:2:1-14:12
MERGED from [com.klinkerapps:android-smsmms:4.0.1] AndroidManifest.xml:2:1-18:12
MERGED from [com.takisoft.fix:colorpicker:0.9.1] AndroidManifest.xml:2:1-11:12
MERGED from [com.github.dmytrodanylyk.circular-progress-button:library:1.1.3-S2] AndroidManifest.xml:2:1-14:12
MERGED from [org.signal:android-database-sqlcipher:3.5.9-S1] AndroidManifest.xml:2:1-11:12
MERGED from [com.google.android.gms:play-services-iid:9.6.1] AndroidManifest.xml:16:1-24:12
MERGED from [com.google.android.gms:play-services-base:9.6.1] AndroidManifest.xml:16:1-21:12
MERGED from [com.google.android.gms:play-services-tasks:9.6.1] AndroidManifest.xml:2:1-5:12
MERGED from [com.google.android.gms:play-services-basement:9.6.1] AndroidManifest.xml:16:1-23:12
MERGED from [com.android.support:support-v4:27.0.2] AndroidManifest.xml:17:1-22:12
MERGED from [com.android.support:support-fragment:27.0.2] AndroidManifest.xml:17:1-22:12
MERGED from [com.android.support:animated-vector-drawable:27.0.2] AndroidManifest.xml:17:1-22:12
MERGED from [com.android.support:support-core-ui:27.0.2] AndroidManifest.xml:17:1-22:12
MERGED from [com.android.support:transition:27.0.2] AndroidManifest.xml:17:1-22:12
MERGED from [com.android.support:support-core-utils:27.0.2] AndroidManifest.xml:17:1-22:12
MERGED from [com.android.support:support-media-compat:27.0.2] AndroidManifest.xml:17:1-22:12
MERGED from [com.android.support:support-vector-drawable:27.0.2] AndroidManifest.xml:17:1-22:12
MERGED from [com.android.support:support-compat:27.0.2] AndroidManifest.xml:17:1-22:12
MERGED from [android.arch.lifecycle:livedata:1.1.1] AndroidManifest.xml:17:1-22:12
MERGED from [android.arch.lifecycle:livedata-core:1.1.1] AndroidManifest.xml:17:1-22:12
MERGED from [android.arch.core:runtime:1.1.1] AndroidManifest.xml:17:1-22:12
MERGED from [android.arch.lifecycle:runtime:1.1.1] AndroidManifest.xml:17:1-22:12
MERGED from [android.arch.lifecycle:viewmodel:1.1.1] AndroidManifest.xml:17:1-22:12
MERGED from [com.github.bumptech.glide:gifdecoder:4.5.0] AndroidManifest.xml:2:1-11:12
MERGED from [org.whispersystems:signal-protocol-android:2.6.2] AndroidManifest.xml:2:1-5:12
MERGED from [com.google.android:flexbox:0.3.0] AndroidManifest.xml:17:1-27:12
MERGED from [org.whispersystems:curve25519-android:0.4.1] AndroidManifest.xml:2:1-7:12
INJECTED from Documents/signal-android-V3.1-clean/AndroidManifest.xml:2:1-675:12
INJECTED from Documents/signal-android-V3.1-clean/AndroidManifest.xml:2:1-675:12
	package
		ADDED from Documents/signal-android-V3.1-clean/AndroidManifest.xml:4:5-41
	android:versionName
		INJECTED from Documents/signal-android-V3.1-clean/AndroidManifest.xml
		ADDED from Documents/signal-android-V3.1-clean/AndroidManifest.xml:2:1-675:12
		INJECTED from Documents/signal-android-V3.1-clean/AndroidManifest.xml
	xmlns:tools
		ADDED from Documents/signal-android-V3.1-clean/AndroidManifest.xml:3:5-51
	android:versionCode
		INJECTED from Documents/signal-android-V3.1-clean/AndroidManifest.xml
		ADDED from Documents/signal-android-V3.1-clean/AndroidManifest.xml:2:1-675:12
		INJECTED from Documents/signal-android-V3.1-clean/AndroidManifest.xml
	xmlns:android
		ADDED from Documents/signal-android-V3.1-clean/AndroidManifest.xml:2:11-69
uses-sdk
ADDED from Documents/signal-android-V3.1-clean/AndroidManifest.xml:6:5-348
INJECTED from Documents/signal-android-V3.1-clean/AndroidManifest.xml:6:5-348
INJECTED from Documents/signal-android-V3.1-clean/AndroidManifest.xml:6:5-348
MERGED from [com.android.support:design:27.0.2] AndroidManifest.xml:20:5-44
MERGED from [com.android.support:design:27.0.2] AndroidManifest.xml:20:5-44
MERGED from [com.android.support:preference-v14:27.0.2] AndroidManifest.xml:20:5-44
MERGED from [com.android.support:preference-v14:27.0.2] AndroidManifest.xml:20:5-44
MERGED from [com.android.support:preference-v7:27.0.2] AndroidManifest.xml:20:5-44
MERGED from [com.android.support:preference-v7:27.0.2] AndroidManifest.xml:20:5-44
MERGED from [com.pnikosis:materialish-progress:1.5] AndroidManifest.xml:7:5-9:41
MERGED from [com.pnikosis:materialish-progress:1.5] AndroidManifest.xml:7:5-9:41
MERGED from [pl.tajchert:waitingdots:0.1.0] AndroidManifest.xml:7:5-9:41
MERGED from [pl.tajchert:waitingdots:0.1.0] AndroidManifest.xml:7:5-9:41
MERGED from [mobi.upod:time-duration-picker:1.1.3] AndroidManifest.xml:7:5-9:41
MERGED from [mobi.upod:time-duration-picker:1.1.3] AndroidManifest.xml:7:5-9:41
MERGED from [com.codewaves.stickyheadergrid:stickyheadergrid:0.9.4] AndroidManifest.xml:8:5-10:41
MERGED from [com.codewaves.stickyheadergrid:stickyheadergrid:0.9.4] AndroidManifest.xml:8:5-10:41
MERGED from [com.android.support:appcompat-v7:27.0.2] AndroidManifest.xml:20:5-44
MERGED from [com.android.support:appcompat-v7:27.0.2] AndroidManifest.xml:20:5-44
MERGED from [com.melnykov:floatingactionbutton:1.3.0] AndroidManifest.xml:8:5-10:41
MERGED from [com.melnykov:floatingactionbutton:1.3.0] AndroidManifest.xml:8:5-10:41
MERGED from [com.android.support:recyclerview-v7:27.0.2] AndroidManifest.xml:20:5-44
MERGED from [com.android.support:recyclerview-v7:27.0.2] AndroidManifest.xml:20:5-44
MERGED from [com.android.support:support-v13:27.0.2] AndroidManifest.xml:20:5-44
MERGED from [com.android.support:support-v13:27.0.2] AndroidManifest.xml:20:5-44
MERGED from [com.android.support:cardview-v7:27.0.2] AndroidManifest.xml:20:5-44
MERGED from [com.android.support:cardview-v7:27.0.2] AndroidManifest.xml:20:5-44
MERGED from [com.android.support:gridlayout-v7:27.0.2] AndroidManifest.xml:20:5-44
MERGED from [com.android.support:gridlayout-v7:27.0.2] AndroidManifest.xml:20:5-44
MERGED from [com.android.support:multidex:1.0.2] AndroidManifest.xml:20:5-43
MERGED from [com.android.support:multidex:1.0.2] AndroidManifest.xml:20:5-43
MERGED from [com.android.support:exifinterface:27.0.2] AndroidManifest.xml:20:5-44
MERGED from [com.android.support:exifinterface:27.0.2] AndroidManifest.xml:20:5-44
MERGED from [android.arch.lifecycle:extensions:1.1.1] AndroidManifest.xml:20:5-44
MERGED from [android.arch.lifecycle:extensions:1.1.1] AndroidManifest.xml:20:5-44
MERGED from [com.google.android.gms:play-services-gcm:9.6.1] AndroidManifest.xml:17:5-42
MERGED from [com.google.android.gms:play-services-gcm:9.6.1] AndroidManifest.xml:17:5-42
MERGED from [com.google.android.gms:play-services-places:9.6.1] AndroidManifest.xml:17:5-42
MERGED from [com.google.android.gms:play-services-places:9.6.1] AndroidManifest.xml:17:5-42
MERGED from [com.google.android.gms:play-services-maps:9.6.1] AndroidManifest.xml:23:5-42
MERGED from [com.google.android.gms:play-services-maps:9.6.1] AndroidManifest.xml:23:5-42
MERGED from [com.google.android.exoplayer:exoplayer:r2.3.1] AndroidManifest.xml:21:5-23:41
MERGED from [com.google.android.exoplayer:exoplayer:r2.3.1] AndroidManifest.xml:21:5-23:41
MERGED from [org.whispersystems:jobmanager:1.0.2] AndroidManifest.xml:7:5-9:41
MERGED from [org.whispersystems:jobmanager:1.0.2] AndroidManifest.xml:7:5-9:41
MERGED from [org.whispersystems:libpastelog:1.1.2] AndroidManifest.xml:23:5-25:41
MERGED from [org.whispersystems:libpastelog:1.1.2] AndroidManifest.xml:23:5-25:41
MERGED from [org.whispersystems:signal-service-android:2.7.6] AndroidManifest.xml:7:5-9:41
MERGED from [org.whispersystems:signal-service-android:2.7.6] AndroidManifest.xml:7:5-9:41
MERGED from [me.leolin:ShortcutBadger:1.1.16] AndroidManifest.xml:7:5-9:41
MERGED from [me.leolin:ShortcutBadger:1.1.16] AndroidManifest.xml:7:5-9:41
MERGED from [se.emilsjolander:stickylistheaders:2.7.0] AndroidManifest.xml:7:5-9:41
MERGED from [se.emilsjolander:stickylistheaders:2.7.0] AndroidManifest.xml:7:5-9:41
MERGED from [com.jpardogo.materialtabstrip:library:1.0.9] AndroidManifest.xml:5:5-7:41
MERGED from [com.jpardogo.materialtabstrip:library:1.0.9] AndroidManifest.xml:5:5-7:41
MERGED from [com.github.chrisbanes:PhotoView:2.1.3] AndroidManifest.xml:8:5-10:41
MERGED from [com.github.chrisbanes:PhotoView:2.1.3] AndroidManifest.xml:8:5-10:41
MERGED from [com.github.bumptech.glide:glide:4.5.0] AndroidManifest.xml:7:5-9:41
MERGED from [com.github.bumptech.glide:glide:4.5.0] AndroidManifest.xml:7:5-9:41
MERGED from [com.makeramen:roundedimageview:2.1.0] AndroidManifest.xml:7:5-9:41
MERGED from [com.makeramen:roundedimageview:2.1.0] AndroidManifest.xml:7:5-9:41
MERGED from [com.soundcloud.android:android-crop:0.9.10] AndroidManifest.xml:5:5-7:41
MERGED from [com.soundcloud.android:android-crop:0.9.10] AndroidManifest.xml:5:5-7:41
MERGED from [com.amulyakhare:com.amulyakhare.textdrawable:1.0.1] AndroidManifest.xml:8:5-10:41
MERGED from [com.amulyakhare:com.amulyakhare.textdrawable:1.0.1] AndroidManifest.xml:8:5-10:41
MERGED from [com.davemorrissey.labs:subsampling-scale-image-view:3.6.0] AndroidManifest.xml:7:5-9:41
MERGED from [com.davemorrissey.labs:subsampling-scale-image-view:3.6.0] AndroidManifest.xml:7:5-9:41
MERGED from [cn.carbswang.android:NumberPickerView:1.0.9] AndroidManifest.xml:7:5-9:41
MERGED from [cn.carbswang.android:NumberPickerView:1.0.9] AndroidManifest.xml:7:5-9:41
MERGED from [com.tomergoldst.android:tooltips:1.0.6] AndroidManifest.xml:8:5-10:41
MERGED from [com.tomergoldst.android:tooltips:1.0.6] AndroidManifest.xml:8:5-10:41
MERGED from [com.klinkerapps:android-smsmms:4.0.1] AndroidManifest.xml:5:5-7:41
MERGED from [com.klinkerapps:android-smsmms:4.0.1] AndroidManifest.xml:5:5-7:41
MERGED from [com.takisoft.fix:colorpicker:0.9.1] AndroidManifest.xml:7:5-9:41
MERGED from [com.takisoft.fix:colorpicker:0.9.1] AndroidManifest.xml:7:5-9:41
MERGED from [com.github.dmytrodanylyk.circular-progress-button:library:1.1.3-S2] AndroidManifest.xml:8:5-10:41
MERGED from [com.github.dmytrodanylyk.circular-progress-button:library:1.1.3-S2] AndroidManifest.xml:8:5-10:41
MERGED from [org.signal:android-database-sqlcipher:3.5.9-S1] AndroidManifest.xml:7:5-9:41
MERGED from [org.signal:android-database-sqlcipher:3.5.9-S1] AndroidManifest.xml:7:5-9:41
MERGED from [com.google.android.gms:play-services-iid:9.6.1] AndroidManifest.xml:17:5-42
MERGED from [com.google.android.gms:play-services-iid:9.6.1] AndroidManifest.xml:17:5-42
MERGED from [com.google.android.gms:play-services-base:9.6.1] AndroidManifest.xml:17:5-42
MERGED from [com.google.android.gms:play-services-base:9.6.1] AndroidManifest.xml:17:5-42
MERGED from [com.google.android.gms:play-services-tasks:9.6.1] AndroidManifest.xml:3:5-42
MERGED from [com.google.android.gms:play-services-tasks:9.6.1] AndroidManifest.xml:3:5-42
MERGED from [com.google.android.gms:play-services-basement:9.6.1] AndroidManifest.xml:17:5-42
MERGED from [com.google.android.gms:play-services-basement:9.6.1] AndroidManifest.xml:17:5-42
MERGED from [com.android.support:support-v4:27.0.2] AndroidManifest.xml:20:5-44
MERGED from [com.android.support:support-v4:27.0.2] AndroidManifest.xml:20:5-44
MERGED from [com.android.support:support-fragment:27.0.2] AndroidManifest.xml:20:5-44
MERGED from [com.android.support:support-fragment:27.0.2] AndroidManifest.xml:20:5-44
MERGED from [com.android.support:animated-vector-drawable:27.0.2] AndroidManifest.xml:20:5-44
MERGED from [com.android.support:animated-vector-drawable:27.0.2] AndroidManifest.xml:20:5-44
MERGED from [com.android.support:support-core-ui:27.0.2] AndroidManifest.xml:20:5-44
MERGED from [com.android.support:support-core-ui:27.0.2] AndroidManifest.xml:20:5-44
MERGED from [com.android.support:transition:27.0.2] AndroidManifest.xml:20:5-44
MERGED from [com.android.support:transition:27.0.2] AndroidManifest.xml:20:5-44
MERGED from [com.android.support:support-core-utils:27.0.2] AndroidManifest.xml:20:5-44
MERGED from [com.android.support:support-core-utils:27.0.2] AndroidManifest.xml:20:5-44
MERGED from [com.android.support:support-media-compat:27.0.2] AndroidManifest.xml:20:5-44
MERGED from [com.android.support:support-media-compat:27.0.2] AndroidManifest.xml:20:5-44
MERGED from [com.android.support:support-vector-drawable:27.0.2] AndroidManifest.xml:20:5-44
MERGED from [com.android.support:support-vector-drawable:27.0.2] AndroidManifest.xml:20:5-44
MERGED from [com.android.support:support-compat:27.0.2] AndroidManifest.xml:20:5-44
MERGED from [com.android.support:support-compat:27.0.2] AndroidManifest.xml:20:5-44
MERGED from [android.arch.lifecycle:livedata:1.1.1] AndroidManifest.xml:20:5-44
MERGED from [android.arch.lifecycle:livedata:1.1.1] AndroidManifest.xml:20:5-44
MERGED from [android.arch.lifecycle:livedata-core:1.1.1] AndroidManifest.xml:20:5-44
MERGED from [android.arch.lifecycle:livedata-core:1.1.1] AndroidManifest.xml:20:5-44
MERGED from [android.arch.core:runtime:1.1.1] AndroidManifest.xml:20:5-44
MERGED from [android.arch.core:runtime:1.1.1] AndroidManifest.xml:20:5-44
MERGED from [android.arch.lifecycle:runtime:1.1.1] AndroidManifest.xml:20:5-44
MERGED from [android.arch.lifecycle:runtime:1.1.1] AndroidManifest.xml:20:5-44
MERGED from [android.arch.lifecycle:viewmodel:1.1.1] AndroidManifest.xml:20:5-44
MERGED from [android.arch.lifecycle:viewmodel:1.1.1] AndroidManifest.xml:20:5-44
MERGED from [com.github.bumptech.glide:gifdecoder:4.5.0] AndroidManifest.xml:5:5-7:41
MERGED from [com.github.bumptech.glide:gifdecoder:4.5.0] AndroidManifest.xml:5:5-7:41
MERGED from [com.google.android:flexbox:0.3.0] AndroidManifest.xml:23:5-25:41
MERGED from [com.google.android:flexbox:0.3.0] AndroidManifest.xml:23:5-25:41
INJECTED from Documents/signal-android-V3.1-clean/AndroidManifest.xml:6:5-348
INJECTED from Documents/signal-android-V3.1-clean/AndroidManifest.xml:6:5-348
	tools:overrideLibrary
		ADDED from Documents/signal-android-V3.1-clean/AndroidManifest.xml:6:15-345
	android:targetSdkVersion
		INJECTED from Documents/signal-android-V3.1-clean/AndroidManifest.xml
		ADDED from Documents/signal-android-V3.1-clean/AndroidManifest.xml:6:5-348
		INJECTED from Documents/signal-android-V3.1-clean/AndroidManifest.xml
	android:minSdkVersion
		INJECTED from Documents/signal-android-V3.1-clean/AndroidManifest.xml
		ADDED from Documents/signal-android-V3.1-clean/AndroidManifest.xml:6:5-348
		INJECTED from Documents/signal-android-V3.1-clean/AndroidManifest.xml
permission#org.thoughtcrime.securesms.ACCESS_SECRETS
ADDED from Documents/signal-android-V3.1-clean/AndroidManifest.xml:8:5-11:47
	android:label
		ADDED from Documents/signal-android-V3.1-clean/AndroidManifest.xml:10:9-53
	android:protectionLevel
		ADDED from Documents/signal-android-V3.1-clean/AndroidManifest.xml:11:9-44
	android:name
		ADDED from Documents/signal-android-V3.1-clean/AndroidManifest.xml:9:9-65
uses-feature#android.hardware.camera
ADDED from Documents/signal-android-V3.1-clean/AndroidManifest.xml:13:5-15:36
	android:required
		ADDED from Documents/signal-android-V3.1-clean/AndroidManifest.xml:15:9-33
	android:name
		ADDED from Documents/signal-android-V3.1-clean/AndroidManifest.xml:14:9-47
uses-feature#android.hardware.bluetooth
ADDED from Documents/signal-android-V3.1-clean/AndroidManifest.xml:16:5-18:36
	android:required
		ADDED from Documents/signal-android-V3.1-clean/AndroidManifest.xml:18:9-33
	android:name
		ADDED from Documents/signal-android-V3.1-clean/AndroidManifest.xml:17:9-50
uses-feature#android.hardware.location
ADDED from Documents/signal-android-V3.1-clean/AndroidManifest.xml:19:5-21:36
	android:required
		ADDED from Documents/signal-android-V3.1-clean/AndroidManifest.xml:21:9-33
	android:name
		ADDED from Documents/signal-android-V3.1-clean/AndroidManifest.xml:20:9-49
uses-feature#android.hardware.location.network
ADDED from Documents/signal-android-V3.1-clean/AndroidManifest.xml:22:5-24:36
	android:required
		ADDED from Documents/signal-android-V3.1-clean/AndroidManifest.xml:24:9-33
	android:name
		ADDED from Documents/signal-android-V3.1-clean/AndroidManifest.xml:23:9-57
uses-feature#android.hardware.location.gps
ADDED from Documents/signal-android-V3.1-clean/AndroidManifest.xml:25:5-27:36
	android:required
		ADDED from Documents/signal-android-V3.1-clean/AndroidManifest.xml:27:9-33
	android:name
		ADDED from Documents/signal-android-V3.1-clean/AndroidManifest.xml:26:9-53
uses-feature#android.hardware.microphone
ADDED from Documents/signal-android-V3.1-clean/AndroidManifest.xml:28:5-30:36
	android:required
		ADDED from Documents/signal-android-V3.1-clean/AndroidManifest.xml:30:9-33
	android:name
		ADDED from Documents/signal-android-V3.1-clean/AndroidManifest.xml:29:9-51
uses-feature#android.hardware.wifi
ADDED from Documents/signal-android-V3.1-clean/AndroidManifest.xml:31:5-33:36
	android:required
		ADDED from Documents/signal-android-V3.1-clean/AndroidManifest.xml:33:9-33
	android:name
		ADDED from Documents/signal-android-V3.1-clean/AndroidManifest.xml:32:9-45
uses-feature#android.hardware.portrait
ADDED from Documents/signal-android-V3.1-clean/AndroidManifest.xml:34:5-36:36
	android:required
		ADDED from Documents/signal-android-V3.1-clean/AndroidManifest.xml:36:9-33
	android:name
		ADDED from Documents/signal-android-V3.1-clean/AndroidManifest.xml:35:9-49
uses-feature#android.hardware.touchscreen
ADDED from Documents/signal-android-V3.1-clean/AndroidManifest.xml:37:5-39:36
	android:required
		ADDED from Documents/signal-android-V3.1-clean/AndroidManifest.xml:39:9-33
	android:name
		ADDED from Documents/signal-android-V3.1-clean/AndroidManifest.xml:38:9-52
uses-permission#android.permission.USE_FINGERPRINT
ADDED from Documents/signal-android-V3.1-clean/AndroidManifest.xml:41:5-74
	android:name
		ADDED from Documents/signal-android-V3.1-clean/AndroidManifest.xml:41:22-71
uses-permission#org.thoughtcrime.securesms.ACCESS_SECRETS
ADDED from Documents/signal-android-V3.1-clean/AndroidManifest.xml:42:5-81
	android:name
		ADDED from Documents/signal-android-V3.1-clean/AndroidManifest.xml:42:22-78
uses-permission#android.permission.READ_PROFILE
ADDED from Documents/signal-android-V3.1-clean/AndroidManifest.xml:43:5-71
	android:name
		ADDED from Documents/signal-android-V3.1-clean/AndroidManifest.xml:43:22-68
uses-permission#android.permission.WRITE_PROFILE
ADDED from Documents/signal-android-V3.1-clean/AndroidManifest.xml:44:5-72
	android:name
		ADDED from Documents/signal-android-V3.1-clean/AndroidManifest.xml:44:22-69
uses-permission#android.permission.BROADCAST_WAP_PUSH
ADDED from Documents/signal-android-V3.1-clean/AndroidManifest.xml:45:5-47:47
	tools:ignore
		ADDED from Documents/signal-android-V3.1-clean/AndroidManifest.xml:47:9-44
	android:name
		ADDED from Documents/signal-android-V3.1-clean/AndroidManifest.xml:46:9-61
uses-permission#android.permission.READ_CONTACTS
ADDED from Documents/signal-android-V3.1-clean/AndroidManifest.xml:48:5-72
	android:name
		ADDED from Documents/signal-android-V3.1-clean/AndroidManifest.xml:48:22-69
uses-permission#android.permission.WRITE_CONTACTS
ADDED from Documents/signal-android-V3.1-clean/AndroidManifest.xml:49:5-73
	android:name
		ADDED from Documents/signal-android-V3.1-clean/AndroidManifest.xml:49:22-70
uses-permission#android.permission.RECEIVE_SMS
ADDED from Documents/signal-android-V3.1-clean/AndroidManifest.xml:50:5-70
	android:name
		ADDED from Documents/signal-android-V3.1-clean/AndroidManifest.xml:50:22-67
uses-permission#android.permission.RECEIVE_MMS
ADDED from Documents/signal-android-V3.1-clean/AndroidManifest.xml:51:5-70
	android:name
		ADDED from Documents/signal-android-V3.1-clean/AndroidManifest.xml:51:22-67
uses-permission#android.permission.READ_SMS
ADDED from Documents/signal-android-V3.1-clean/AndroidManifest.xml:52:5-67
	android:name
		ADDED from Documents/signal-android-V3.1-clean/AndroidManifest.xml:52:22-64
uses-permission#android.permission.SEND_SMS
ADDED from Documents/signal-android-V3.1-clean/AndroidManifest.xml:53:5-67
	android:name
		ADDED from Documents/signal-android-V3.1-clean/AndroidManifest.xml:53:22-64
uses-permission#android.permission.WRITE_SMS
ADDED from Documents/signal-android-V3.1-clean/AndroidManifest.xml:54:5-68
	android:name
		ADDED from Documents/signal-android-V3.1-clean/AndroidManifest.xml:54:22-65
uses-permission#android.permission.READ_PHONE_STATE
ADDED from Documents/signal-android-V3.1-clean/AndroidManifest.xml:55:5-75
	android:name
		ADDED from Documents/signal-android-V3.1-clean/AndroidManifest.xml:55:22-72
uses-permission#android.permission.WRITE_EXTERNAL_STORAGE
ADDED from Documents/signal-android-V3.1-clean/AndroidManifest.xml:56:5-81
	android:name
		ADDED from Documents/signal-android-V3.1-clean/AndroidManifest.xml:56:22-78
uses-permission#android.permission.READ_CALL_LOG
ADDED from Documents/signal-android-V3.1-clean/AndroidManifest.xml:57:5-72
	android:name
		ADDED from Documents/signal-android-V3.1-clean/AndroidManifest.xml:57:22-69
uses-permission#android.permission.CAMERA
ADDED from Documents/signal-android-V3.1-clean/AndroidManifest.xml:58:5-65
	android:name
		ADDED from Documents/signal-android-V3.1-clean/AndroidManifest.xml:58:22-62
uses-permission#android.permission.ACCESS_COARSE_LOCATION
ADDED from Documents/signal-android-V3.1-clean/AndroidManifest.xml:59:5-81
	android:name
		ADDED from Documents/signal-android-V3.1-clean/AndroidManifest.xml:59:22-78
uses-permission#android.permission.ACCESS_FINE_LOCATION
ADDED from Documents/signal-android-V3.1-clean/AndroidManifest.xml:60:5-79
	android:name
		ADDED from Documents/signal-android-V3.1-clean/AndroidManifest.xml:60:22-76
uses-permission#android.permission.RECORD_AUDIO
ADDED from Documents/signal-android-V3.1-clean/AndroidManifest.xml:61:5-71
	android:name
		ADDED from Documents/signal-android-V3.1-clean/AndroidManifest.xml:61:22-68
uses-permission#android.permission.MODIFY_AUDIO_SETTINGS
ADDED from Documents/signal-android-V3.1-clean/AndroidManifest.xml:62:5-80
	android:name
		ADDED from Documents/signal-android-V3.1-clean/AndroidManifest.xml:62:22-77
uses-permission#android.permission.PROCESS_OUTGOING_CALLS
ADDED from Documents/signal-android-V3.1-clean/AndroidManifest.xml:63:5-81
	android:name
		ADDED from Documents/signal-android-V3.1-clean/AndroidManifest.xml:63:22-78
uses-permission#android.permission.READ_CALL_STATE
ADDED from Documents/signal-android-V3.1-clean/AndroidManifest.xml:64:5-74
	android:name
		ADDED from Documents/signal-android-V3.1-clean/AndroidManifest.xml:64:22-71
uses-permission#android.permission.WRITE_CALENDAR
ADDED from Documents/signal-android-V3.1-clean/AndroidManifest.xml:67:5-73
	android:name
		ADDED from Documents/signal-android-V3.1-clean/AndroidManifest.xml:67:22-70
uses-permission#android.permission.READ_CALENDAR
ADDED from Documents/signal-android-V3.1-clean/AndroidManifest.xml:68:5-72
	android:name
		ADDED from Documents/signal-android-V3.1-clean/AndroidManifest.xml:68:22-69
uses-permission#android.permission.RECEIVE_BOOT_COMPLETED
ADDED from Documents/signal-android-V3.1-clean/AndroidManifest.xml:71:5-81
	android:name
		ADDED from Documents/signal-android-V3.1-clean/AndroidManifest.xml:71:22-78
uses-permission#android.permission.VIBRATE
ADDED from Documents/signal-android-V3.1-clean/AndroidManifest.xml:72:5-66
	android:name
		ADDED from Documents/signal-android-V3.1-clean/AndroidManifest.xml:72:22-63
uses-permission#android.permission.ACCESS_NETWORK_STATE
ADDED from Documents/signal-android-V3.1-clean/AndroidManifest.xml:73:5-79
MERGED from [com.google.android.gms:play-services-maps:9.6.1] AndroidManifest.xml:19:5-78
MERGED from [com.google.android.gms:play-services-maps:9.6.1] AndroidManifest.xml:19:5-78
	android:name
		ADDED from Documents/signal-android-V3.1-clean/AndroidManifest.xml:73:22-76
uses-permission#android.permission.CHANGE_NETWORK_STATE
ADDED from Documents/signal-android-V3.1-clean/AndroidManifest.xml:74:5-79
	android:name
		ADDED from Documents/signal-android-V3.1-clean/AndroidManifest.xml:74:22-76
uses-permission#android.permission.WAKE_LOCK
ADDED from Documents/signal-android-V3.1-clean/AndroidManifest.xml:75:5-68
MERGED from [org.whispersystems:jobmanager:1.0.2] AndroidManifest.xml:11:5-68
MERGED from [org.whispersystems:jobmanager:1.0.2] AndroidManifest.xml:11:5-68
	android:name
		ADDED from Documents/signal-android-V3.1-clean/AndroidManifest.xml:75:22-65
uses-permission#android.permission.INTERNET
ADDED from Documents/signal-android-V3.1-clean/AndroidManifest.xml:76:5-67
MERGED from [com.google.android.gms:play-services-gcm:9.6.1] AndroidManifest.xml:21:5-66
MERGED from [com.google.android.gms:play-services-gcm:9.6.1] AndroidManifest.xml:21:5-66
MERGED from [com.google.android.gms:play-services-maps:9.6.1] AndroidManifest.xml:20:5-66
MERGED from [com.google.android.gms:play-services-maps:9.6.1] AndroidManifest.xml:20:5-66
MERGED from [com.google.android.gms:play-services-iid:9.6.1] AndroidManifest.xml:21:5-66
MERGED from [com.google.android.gms:play-services-iid:9.6.1] AndroidManifest.xml:21:5-66
	android:name
		ADDED from Documents/signal-android-V3.1-clean/AndroidManifest.xml:76:22-64
uses-permission#android.permission.GET_ACCOUNTS
ADDED from Documents/signal-android-V3.1-clean/AndroidManifest.xml:77:5-71
	android:name
		ADDED from Documents/signal-android-V3.1-clean/AndroidManifest.xml:77:22-68
uses-permission#com.google.android.c2dm.permission.RECEIVE
ADDED from Documents/signal-android-V3.1-clean/AndroidManifest.xml:78:5-82
MERGED from [com.google.android.gms:play-services-gcm:9.6.1] AndroidManifest.xml:20:5-81
MERGED from [com.google.android.gms:play-services-gcm:9.6.1] AndroidManifest.xml:20:5-81
MERGED from [com.google.android.gms:play-services-iid:9.6.1] AndroidManifest.xml:20:5-81
MERGED from [com.google.android.gms:play-services-iid:9.6.1] AndroidManifest.xml:20:5-81
	android:name
		ADDED from Documents/signal-android-V3.1-clean/AndroidManifest.xml:78:22-79
uses-permission#android.permission.READ_SYNC_SETTINGS
ADDED from Documents/signal-android-V3.1-clean/AndroidManifest.xml:81:5-77
	android:name
		ADDED from Documents/signal-android-V3.1-clean/AndroidManifest.xml:81:22-74
uses-permission#android.permission.WRITE_SYNC_SETTINGS
ADDED from Documents/signal-android-V3.1-clean/AndroidManifest.xml:82:5-78
	android:name
		ADDED from Documents/signal-android-V3.1-clean/AndroidManifest.xml:82:22-75
uses-permission#android.permission.AUTHENTICATE_ACCOUNTS
ADDED from Documents/signal-android-V3.1-clean/AndroidManifest.xml:83:5-80
	android:name
		ADDED from Documents/signal-android-V3.1-clean/AndroidManifest.xml:83:22-77
uses-permission#android.permission.USE_CREDENTIALS
ADDED from Documents/signal-android-V3.1-clean/AndroidManifest.xml:84:5-74
	android:name
		ADDED from Documents/signal-android-V3.1-clean/AndroidManifest.xml:84:22-71
uses-permission#android.permission.INSTALL_SHORTCUT
ADDED from Documents/signal-android-V3.1-clean/AndroidManifest.xml:87:5-75
	android:name
		ADDED from Documents/signal-android-V3.1-clean/AndroidManifest.xml:87:22-72
uses-permission#android.permission.ACCESS_WIFI_STATE